2023-05-29 14:17:09.485	[34mINFO[0m	log/log.go:71	field{Id  string json:"id" 0 [0] false}
2023-05-29 14:17:09.486	[34mINFO[0m	log/log.go:71	field{Phone  string json:"phone" 16 [1] false}
2023-05-29 14:17:09.486	[34mINFO[0m	log/log.go:71	field{Name  string json:"name" 32 [2] false}
2023-05-29 14:17:09.486	[34mINFO[0m	log/log.go:71	field{Age  int64 json:"age" 48 [3] false}
2023-05-29 14:17:09.486	[34mINFO[0m	log/log.go:71	field{LaiLe  string json:"name" 0 [0] false}
2023-05-29 14:17:09.486	[34mINFO[0m	log/log.go:71	field{Age  int64 json:"age" 16 [1] false}
2023-05-29 14:17:09.486	[34mINFO[0m	log/log.go:71	field{Id  string json:"id" 0 [0] false}
2023-05-29 14:17:09.486	[34mINFO[0m	log/log.go:71	field{OrgId  string json:"orgId" uni:"org_phone" 16 [1] false}
2023-05-29 14:17:09.486	[34mINFO[0m	log/log.go:71	field{Phone  string json:"phone" uni:"org_phone" 32 [2] false}
2023-05-29 14:17:09.486	[34mINFO[0m	log/log.go:71	field{Name  string json:"name" 48 [3] false}
2023-05-29 14:17:09.486	[34mINFO[0m	log/log.go:71	field{Addr  string json:"addr" 64 [4] false}
2023-05-29 14:17:09.486	[34mINFO[0m	log/log.go:71	field{Users  []*api.User json:"users" api:"true" 80 [5] false}
2023-05-29 14:17:09.486	[34mINFO[0m	log/log.go:71	field{OrgId  string form:"orgId,omitempty" 0 [0] false}
2023-05-29 14:17:09.486	[34mINFO[0m	log/log.go:71	field{Page  int64 form:"page,omitempty" 16 [1] false}
2023-05-29 14:17:09.486	[34mINFO[0m	log/log.go:71	field{Size  int64 form:"size,omitempty" 24 [2] false}
2023-05-29 14:17:09.486	[34mINFO[0m	log/log.go:71	field{Items  []*api.House json:"items" load:"Users" 0 [0] false}
2023-05-29 14:17:09.486	[34mINFO[0m	log/log.go:71	field{Total  int64 json:"total" 24 [1] false}
2023-05-29 14:17:09.486	[34mINFO[0m	log/log.go:71	field{Id  string json:"id" 0 [0] false}
14:18:07.272	[34mINFO[0m	log/log.go:71	field{Id  string json:"id" 0 [0] false}
14:18:07.272	[34mINFO[0m	log/log.go:71	field{Phone  string json:"phone" 16 [1] false}
14:18:07.272	[34mINFO[0m	log/log.go:71	field{Name  string json:"name" 32 [2] false}
14:18:07.272	[34mINFO[0m	log/log.go:71	field{Age  int64 json:"age" 48 [3] false}
14:18:07.272	[34mINFO[0m	log/log.go:71	field{LaiLe  string json:"name" 0 [0] false}
14:18:07.272	[34mINFO[0m	log/log.go:71	field{Age  int64 json:"age" 16 [1] false}
14:18:07.272	[34mINFO[0m	log/log.go:71	field{Id  string json:"id" 0 [0] false}
14:18:07.272	[34mINFO[0m	log/log.go:71	field{OrgId  string json:"orgId" uni:"org_phone" 16 [1] false}
14:18:07.272	[34mINFO[0m	log/log.go:71	field{Phone  string json:"phone" uni:"org_phone" 32 [2] false}
14:18:07.272	[34mINFO[0m	log/log.go:71	field{Name  string json:"name" 48 [3] false}
14:18:07.272	[34mINFO[0m	log/log.go:71	field{Addr  string json:"addr" 64 [4] false}
14:18:07.273	[34mINFO[0m	log/log.go:71	field{Users  []*api.User json:"users" api:"true" 80 [5] false}
14:18:07.273	[34mINFO[0m	log/log.go:71	field{OrgId  string form:"orgId,omitempty" 0 [0] false}
14:18:07.273	[34mINFO[0m	log/log.go:71	field{Page  int64 form:"page,omitempty" 16 [1] false}
14:18:07.273	[34mINFO[0m	log/log.go:71	field{Size  int64 form:"size,omitempty" 24 [2] false}
14:18:07.273	[34mINFO[0m	log/log.go:71	field{Items  []*api.House json:"items" load:"Users" 0 [0] false}
14:18:07.273	[34mINFO[0m	log/log.go:71	field{Total  int64 json:"total" 24 [1] false}
14:18:07.273	[34mINFO[0m	log/log.go:71	field{Id  string json:"id" 0 [0] false}
14:18:42.530	[34mINFO[0m	log/log.go:71	{Id  string json:"id" 0 [0] false}
14:18:42.530	[34mINFO[0m	log/log.go:71	{Phone  string json:"phone" 16 [1] false}
14:18:42.530	[34mINFO[0m	log/log.go:71	{Name  string json:"name" 32 [2] false}
14:18:42.530	[34mINFO[0m	log/log.go:71	{Age  int64 json:"age" 48 [3] false}
14:18:42.530	[34mINFO[0m	log/log.go:71	{LaiLe  string json:"name" 0 [0] false}
14:18:42.530	[34mINFO[0m	log/log.go:71	{Age  int64 json:"age" 16 [1] false}
14:18:42.530	[34mINFO[0m	log/log.go:71	{Id  string json:"id" 0 [0] false}
14:18:42.530	[34mINFO[0m	log/log.go:71	{OrgId  string json:"orgId" uni:"org_phone" 16 [1] false}
14:18:42.530	[34mINFO[0m	log/log.go:71	{Phone  string json:"phone" uni:"org_phone" 32 [2] false}
14:18:42.530	[34mINFO[0m	log/log.go:71	{Name  string json:"name" 48 [3] false}
14:18:42.530	[34mINFO[0m	log/log.go:71	{Addr  string json:"addr" 64 [4] false}
14:18:42.530	[34mINFO[0m	log/log.go:71	{Users  []*api.User json:"users" api:"true" 80 [5] false}
14:18:42.530	[34mINFO[0m	log/log.go:71	{OrgId  string form:"orgId,omitempty" 0 [0] false}
14:18:42.530	[34mINFO[0m	log/log.go:71	{Page  int64 form:"page,omitempty" 16 [1] false}
14:18:42.530	[34mINFO[0m	log/log.go:71	{Size  int64 form:"size,omitempty" 24 [2] false}
14:18:42.530	[34mINFO[0m	log/log.go:71	{Items  []*api.House json:"items" load:"Users" 0 [0] false}
14:18:42.530	[34mINFO[0m	log/log.go:71	{Total  int64 json:"total" 24 [1] false}
14:18:42.530	[34mINFO[0m	log/log.go:71	{Id  string json:"id" 0 [0] false}
14:19:14.049	[34mINFO[0m	log/log.go:71	{Id  string json:"id" 0 [0] false}
14:19:14.049	[34mINFO[0m	log/log.go:71	{Phone  string json:"phone" 16 [1] false}
14:19:14.049	[34mINFO[0m	log/log.go:71	{Name  string json:"name" 32 [2] false}
14:19:14.049	[34mINFO[0m	log/log.go:71	{Age  int64 json:"age" 48 [3] false}
14:19:14.049	[34mINFO[0m	log/log.go:71	{LaiLe  string json:"name" 0 [0] false}
14:19:14.049	[34mINFO[0m	log/log.go:71	{Age  int64 json:"age" 16 [1] false}
14:19:14.050	[34mINFO[0m	log/log.go:71	{Id  string json:"id" 0 [0] false}
14:19:14.050	[34mINFO[0m	log/log.go:71	{OrgId  string json:"orgId" uni:"org_phone" 16 [1] false}
14:19:14.050	[34mINFO[0m	log/log.go:71	{Phone  string json:"phone" uni:"org_phone" 32 [2] false}
14:19:14.050	[34mINFO[0m	log/log.go:71	{Name  string json:"name" 48 [3] false}
14:19:14.050	[34mINFO[0m	log/log.go:71	{Addr  string json:"addr" 64 [4] false}
14:19:14.050	[34mINFO[0m	log/log.go:71	{Users  []*api.User json:"users" api:"true" 80 [5] false}
14:19:14.050	[34mINFO[0m	log/log.go:71	{OrgId  string form:"orgId,omitempty" 0 [0] false}
14:19:14.050	[34mINFO[0m	log/log.go:71	{Page  int64 form:"page,omitempty" 16 [1] false}
14:19:14.050	[34mINFO[0m	log/log.go:71	{Size  int64 form:"size,omitempty" 24 [2] false}
14:19:14.050	[34mINFO[0m	log/log.go:71	{Items  []*api.House json:"items" load:"Users" 0 [0] false}
14:19:14.050	[34mINFO[0m	log/log.go:71	{Total  int64 json:"total" 24 [1] false}
14:19:14.050	[34mINFO[0m	log/log.go:71	{Id  string json:"id" 0 [0] false}
14:22:36.511	[34mINFO[0m	g/util_builder.go:35	{Id  string json:"id" 0 [0] false}
14:22:36.511	[34mINFO[0m	g/util_builder.go:35	{Phone  string json:"phone" 16 [1] false}
14:22:36.511	[34mINFO[0m	g/util_builder.go:35	{Name  string json:"name" 32 [2] false}
14:22:36.511	[34mINFO[0m	g/util_builder.go:35	{Age  int64 json:"age" 48 [3] false}
14:22:36.511	[34mINFO[0m	g/util_builder.go:35	{LaiLe  string json:"name" 0 [0] false}
14:22:36.511	[34mINFO[0m	g/util_builder.go:35	{Age  int64 json:"age" 16 [1] false}
14:22:36.511	[34mINFO[0m	g/util_builder.go:35	{Id  string json:"id" 0 [0] false}
14:22:36.511	[34mINFO[0m	g/util_builder.go:35	{OrgId  string json:"orgId" uni:"org_phone" 16 [1] false}
14:22:36.511	[34mINFO[0m	g/util_builder.go:35	{Phone  string json:"phone" uni:"org_phone" 32 [2] false}
14:22:36.511	[34mINFO[0m	g/util_builder.go:35	{Name  string json:"name" 48 [3] false}
14:22:36.511	[34mINFO[0m	g/util_builder.go:35	{Addr  string json:"addr" 64 [4] false}
14:22:36.511	[34mINFO[0m	g/util_builder.go:35	{Users  []*api.User json:"users" api:"true" 80 [5] false}
14:22:36.511	[34mINFO[0m	g/util_builder.go:35	{OrgId  string form:"orgId,omitempty" 0 [0] false}
14:22:36.511	[34mINFO[0m	g/util_builder.go:35	{Page  int64 form:"page,omitempty" 16 [1] false}
14:22:36.511	[34mINFO[0m	g/util_builder.go:35	{Size  int64 form:"size,omitempty" 24 [2] false}
14:22:36.511	[34mINFO[0m	g/util_builder.go:35	{Items  []*api.House json:"items" load:"Users" 0 [0] false}
14:22:36.512	[34mINFO[0m	g/util_builder.go:35	{Total  int64 json:"total" 24 [1] false}
14:22:36.512	[34mINFO[0m	g/util_builder.go:35	{Id  string json:"id" 0 [0] false}
14:25:04.634	[34mINFO[0m	g/util_builder.go:35	{Id  string json:"id" 0 [0] false} string
14:25:04.634	[34mINFO[0m	g/util_builder.go:35	{Phone  string json:"phone" 16 [1] false} string
14:25:04.634	[34mINFO[0m	g/util_builder.go:35	{Name  string json:"name" 32 [2] false} string
14:25:04.634	[34mINFO[0m	g/util_builder.go:35	{Age  int64 json:"age" 48 [3] false} int64
14:25:04.634	[34mINFO[0m	g/util_builder.go:35	{LaiLe  string json:"name" 0 [0] false} string
14:25:04.634	[34mINFO[0m	g/util_builder.go:35	{Age  int64 json:"age" 16 [1] false} int64
14:25:04.635	[34mINFO[0m	g/util_builder.go:35	{Id  string json:"id" 0 [0] false} string
14:25:04.635	[34mINFO[0m	g/util_builder.go:35	{OrgId  string json:"orgId" uni:"org_phone" 16 [1] false} string
14:25:04.635	[34mINFO[0m	g/util_builder.go:35	{Phone  string json:"phone" uni:"org_phone" 32 [2] false} string
14:25:04.635	[34mINFO[0m	g/util_builder.go:35	{Name  string json:"name" 48 [3] false} string
14:25:04.635	[34mINFO[0m	g/util_builder.go:35	{Addr  string json:"addr" 64 [4] false} string
14:25:04.635	[34mINFO[0m	g/util_builder.go:35	{Users  []*api.User json:"users" api:"true" 80 [5] false} []*api.User
14:25:04.635	[34mINFO[0m	g/util_builder.go:35	{OrgId  string form:"orgId,omitempty" 0 [0] false} string
14:25:04.635	[34mINFO[0m	g/util_builder.go:35	{Page  int64 form:"page,omitempty" 16 [1] false} int64
14:25:04.635	[34mINFO[0m	g/util_builder.go:35	{Size  int64 form:"size,omitempty" 24 [2] false} int64
14:25:04.635	[34mINFO[0m	g/util_builder.go:35	{Items  []*api.House json:"items" load:"Users" 0 [0] false} []*api.House
14:25:04.635	[34mINFO[0m	g/util_builder.go:35	{Total  int64 json:"total" 24 [1] false} int64
14:25:04.635	[34mINFO[0m	g/util_builder.go:35	{Id  string json:"id" 0 [0] false} string
14:26:27.562	[34mINFO[0m	g/util_builder.go:35	{Id  string json:"id" 0 [0] false}stringstring
14:26:27.562	[34mINFO[0m	g/util_builder.go:35	{Phone  string json:"phone" 16 [1] false}stringstring
14:26:27.562	[34mINFO[0m	g/util_builder.go:35	{Name  string json:"name" 32 [2] false}stringstring
14:26:27.562	[34mINFO[0m	g/util_builder.go:35	{Age  int64 json:"age" 48 [3] false}int64int64
14:26:27.562	[34mINFO[0m	g/util_builder.go:35	{LaiLe  string json:"name" 0 [0] false}stringstring
14:26:27.562	[34mINFO[0m	g/util_builder.go:35	{Age  int64 json:"age" 16 [1] false}int64int64
14:26:27.563	[34mINFO[0m	g/util_builder.go:35	{Id  string json:"id" 0 [0] false}stringstring
14:26:27.563	[34mINFO[0m	g/util_builder.go:35	{OrgId  string json:"orgId" uni:"org_phone" 16 [1] false}stringstring
14:26:27.563	[34mINFO[0m	g/util_builder.go:35	{Phone  string json:"phone" uni:"org_phone" 32 [2] false}stringstring
14:26:27.563	[34mINFO[0m	g/util_builder.go:35	{Name  string json:"name" 48 [3] false}stringstring
14:26:27.563	[34mINFO[0m	g/util_builder.go:35	{Addr  string json:"addr" 64 [4] false}stringstring
14:26:27.563	[34mINFO[0m	g/util_builder.go:35	{Users  []*api.User json:"users" api:"true" 80 [5] false}[]*api.User
14:26:27.563	[34mINFO[0m	g/util_builder.go:35	{OrgId  string form:"orgId,omitempty" 0 [0] false}stringstring
14:26:27.563	[34mINFO[0m	g/util_builder.go:35	{Page  int64 form:"page,omitempty" 16 [1] false}int64int64
14:26:27.563	[34mINFO[0m	g/util_builder.go:35	{Size  int64 form:"size,omitempty" 24 [2] false}int64int64
14:26:27.563	[34mINFO[0m	g/util_builder.go:35	{Items  []*api.House json:"items" load:"Users" 0 [0] false}[]*api.House
14:26:27.563	[34mINFO[0m	g/util_builder.go:35	{Total  int64 json:"total" 24 [1] false}int64int64
14:26:27.563	[34mINFO[0m	g/util_builder.go:35	{Id  string json:"id" 0 [0] false}stringstring
14:26:54.026	[34mINFO[0m	g/util_builder.go:35	string
14:26:54.027	[34mINFO[0m	g/util_builder.go:35	string
14:26:54.027	[34mINFO[0m	g/util_builder.go:35	string
14:26:54.027	[34mINFO[0m	g/util_builder.go:35	int64
14:26:54.027	[34mINFO[0m	g/util_builder.go:35	string
14:26:54.027	[34mINFO[0m	g/util_builder.go:35	int64
14:26:54.027	[34mINFO[0m	g/util_builder.go:35	string
14:26:54.027	[34mINFO[0m	g/util_builder.go:35	string
14:26:54.027	[34mINFO[0m	g/util_builder.go:35	string
14:26:54.027	[34mINFO[0m	g/util_builder.go:35	string
14:26:54.027	[34mINFO[0m	g/util_builder.go:35	string
14:26:54.027	[34mINFO[0m	g/util_builder.go:35	[]*api.User
14:26:54.027	[34mINFO[0m	g/util_builder.go:35	string
14:26:54.027	[34mINFO[0m	g/util_builder.go:35	int64
14:26:54.027	[34mINFO[0m	g/util_builder.go:35	int64
14:26:54.027	[34mINFO[0m	g/util_builder.go:35	[]*api.House
14:26:54.027	[34mINFO[0m	g/util_builder.go:35	int64
14:26:54.027	[34mINFO[0m	g/util_builder.go:35	string
14:27:48.412	[34mINFO[0m	g/util_builder.go:35	stringstring
14:27:48.412	[34mINFO[0m	g/util_builder.go:35	stringstring
14:27:48.412	[34mINFO[0m	g/util_builder.go:35	stringstring
14:27:48.412	[34mINFO[0m	g/util_builder.go:35	int64int64
14:27:48.412	[34mINFO[0m	g/util_builder.go:35	stringstring
14:27:48.412	[34mINFO[0m	g/util_builder.go:35	int64int64
14:27:48.412	[34mINFO[0m	g/util_builder.go:35	stringstring
14:27:48.412	[34mINFO[0m	g/util_builder.go:35	stringstring
14:27:48.412	[34mINFO[0m	g/util_builder.go:35	stringstring
14:27:48.412	[34mINFO[0m	g/util_builder.go:35	stringstring
14:27:48.413	[34mINFO[0m	g/util_builder.go:35	stringstring
14:27:48.413	[34mINFO[0m	g/util_builder.go:35	[]*api.User
14:27:48.413	[34mINFO[0m	g/util_builder.go:35	stringstring
14:27:48.413	[34mINFO[0m	g/util_builder.go:35	int64int64
14:27:48.413	[34mINFO[0m	g/util_builder.go:35	int64int64
14:27:48.413	[34mINFO[0m	g/util_builder.go:35	[]*api.House
14:27:48.413	[34mINFO[0m	g/util_builder.go:35	int64int64
14:27:48.413	[34mINFO[0m	g/util_builder.go:35	stringstring
14:28:07.541	[34mINFO[0m	g/util_builder.go:35	string
14:28:07.541	[34mINFO[0m	g/util_builder.go:35	string
14:28:07.541	[34mINFO[0m	g/util_builder.go:35	string
14:28:07.541	[34mINFO[0m	g/util_builder.go:35	int64
14:28:07.541	[34mINFO[0m	g/util_builder.go:35	string
14:28:07.542	[34mINFO[0m	g/util_builder.go:35	int64
14:28:07.542	[34mINFO[0m	g/util_builder.go:35	string
14:28:07.542	[34mINFO[0m	g/util_builder.go:35	string
14:28:07.542	[34mINFO[0m	g/util_builder.go:35	string
14:28:07.542	[34mINFO[0m	g/util_builder.go:35	string
14:28:07.542	[34mINFO[0m	g/util_builder.go:35	string
14:28:07.542	[34mINFO[0m	g/util_builder.go:35	[]*api.User
14:28:07.542	[34mINFO[0m	g/util_builder.go:35	string
14:28:07.542	[34mINFO[0m	g/util_builder.go:35	int64
14:28:07.542	[34mINFO[0m	g/util_builder.go:35	int64
14:28:07.542	[34mINFO[0m	g/util_builder.go:35	[]*api.House
14:28:07.542	[34mINFO[0m	g/util_builder.go:35	int64
14:28:07.542	[34mINFO[0m	g/util_builder.go:35	string
14:30:22.359	[34mINFO[0m	g/util_builder.go:35	stringstring
14:30:22.359	[34mINFO[0m	g/util_builder.go:35	stringstring
14:30:22.359	[34mINFO[0m	g/util_builder.go:35	stringstring
14:30:22.359	[34mINFO[0m	g/util_builder.go:35	int64int64
14:30:22.359	[34mINFO[0m	g/util_builder.go:35	stringstring
14:30:22.359	[34mINFO[0m	g/util_builder.go:35	int64int64
14:30:22.360	[34mINFO[0m	g/util_builder.go:35	stringstring
14:30:22.360	[34mINFO[0m	g/util_builder.go:35	stringstring
14:30:22.360	[34mINFO[0m	g/util_builder.go:35	stringstring
14:30:22.360	[34mINFO[0m	g/util_builder.go:35	stringstring
14:30:22.360	[34mINFO[0m	g/util_builder.go:35	stringstring
14:30:22.360	[34mINFO[0m	g/util_builder.go:35	[]*api.Userslice
14:30:22.360	[34mINFO[0m	g/util_builder.go:35	stringstring
14:30:22.360	[34mINFO[0m	g/util_builder.go:35	int64int64
14:30:22.360	[34mINFO[0m	g/util_builder.go:35	int64int64
14:30:22.360	[34mINFO[0m	g/util_builder.go:35	[]*api.Houseslice
14:30:22.360	[34mINFO[0m	g/util_builder.go:35	int64int64
14:30:22.360	[34mINFO[0m	g/util_builder.go:35	stringstring
14:32:18.039	[34mINFO[0m	g/util_builder.go:35	stringstring
14:32:18.039	[34mINFO[0m	g/util_builder.go:35	stringstring
14:32:18.039	[34mINFO[0m	g/util_builder.go:35	stringstring
14:32:18.039	[34mINFO[0m	g/util_builder.go:35	int64int64
14:32:18.039	[34mINFO[0m	g/util_builder.go:35	stringstring
14:32:18.039	[34mINFO[0m	g/util_builder.go:35	int64int64
14:32:18.040	[34mINFO[0m	g/util_builder.go:35	stringstring
14:32:18.040	[34mINFO[0m	g/util_builder.go:35	stringstring
14:32:18.040	[34mINFO[0m	g/util_builder.go:35	stringstring
14:32:18.040	[34mINFO[0m	g/util_builder.go:35	stringstring
14:32:18.040	[34mINFO[0m	g/util_builder.go:35	stringstring
14:32:18.040	[34mINFO[0m	g/util_builder.go:35	[]*api.Userslice
14:32:18.040	[34mINFO[0m	g/util_builder.go:35	stringstring
14:32:18.040	[34mINFO[0m	g/util_builder.go:35	int64int64
14:32:18.040	[34mINFO[0m	g/util_builder.go:35	int64int64
14:32:18.040	[34mINFO[0m	g/util_builder.go:35	[]*api.Houseslice
14:32:18.040	[34mINFO[0m	g/util_builder.go:35	int64int64
14:32:18.040	[34mINFO[0m	g/util_builder.go:35	stringstring
14:32:28.975	[34mINFO[0m	g/util_builder.go:35	stringstring
14:32:28.975	[34mINFO[0m	g/util_builder.go:35	stringstring
14:32:28.975	[34mINFO[0m	g/util_builder.go:35	stringstring
14:32:28.975	[34mINFO[0m	g/util_builder.go:35	int64int64
14:32:28.975	[34mINFO[0m	g/util_builder.go:35	stringstring
14:32:28.975	[34mINFO[0m	g/util_builder.go:35	int64int64
14:32:28.976	[34mINFO[0m	g/util_builder.go:35	stringstring
14:32:28.976	[34mINFO[0m	g/util_builder.go:35	stringstring
14:32:28.976	[34mINFO[0m	g/util_builder.go:35	stringstring
14:32:28.976	[34mINFO[0m	g/util_builder.go:35	stringstring
14:32:28.976	[34mINFO[0m	g/util_builder.go:35	stringstring
14:32:28.976	[34mINFO[0m	g/util_builder.go:35	[]*api.Userslice
14:32:28.976	[34mINFO[0m	g/util_builder.go:35	stringstring
14:32:28.976	[34mINFO[0m	g/util_builder.go:35	int64int64
14:32:28.976	[34mINFO[0m	g/util_builder.go:35	int64int64
14:32:28.976	[34mINFO[0m	g/util_builder.go:35	[]*api.Houseslice
14:32:28.976	[34mINFO[0m	g/util_builder.go:35	int64int64
14:32:28.976	[34mINFO[0m	g/util_builder.go:35	stringstring
16:03:15.102	[34mINFO[0m	g/util_builder.go:35	string
16:03:15.102	[34mINFO[0m	g/util_builder.go:35	string
16:03:15.102	[34mINFO[0m	g/util_builder.go:35	string
16:03:15.102	[34mINFO[0m	g/util_builder.go:35	int64
16:03:15.102	[34mINFO[0m	g/util_builder.go:35	string
16:03:15.102	[34mINFO[0m	g/util_builder.go:35	int64
16:04:19.906	[34mINFO[0m	g/util_builder.go:35	string
16:04:19.907	[34mINFO[0m	g/util_builder.go:35	string
16:04:19.907	[34mINFO[0m	g/util_builder.go:35	string
16:04:19.907	[34mINFO[0m	g/util_builder.go:35	int64
16:04:19.907	[34mINFO[0m	g/util_builder.go:35	string
16:04:19.907	[34mINFO[0m	g/util_builder.go:35	int64
16:04:19.907	[34mINFO[0m	g/util_builder.go:35	string
16:04:19.907	[34mINFO[0m	g/util_builder.go:35	string
16:04:19.907	[34mINFO[0m	g/util_builder.go:35	string
16:04:19.907	[34mINFO[0m	g/util_builder.go:35	string
16:04:19.907	[34mINFO[0m	g/util_builder.go:35	string
16:04:19.907	[34mINFO[0m	g/util_builder.go:35	[]*api.User
16:04:19.907	[34mINFO[0m	g/util_builder.go:35	string
16:04:19.907	[34mINFO[0m	g/util_builder.go:35	int64
16:04:19.907	[34mINFO[0m	g/util_builder.go:35	int64
16:04:19.907	[34mINFO[0m	g/util_builder.go:35	[]*api.House
16:04:19.907	[34mINFO[0m	g/util_builder.go:35	int64
16:04:19.907	[34mINFO[0m	g/util_builder.go:35	string
16:05:05.364	[34mINFO[0m	g/util_builder.go:35	string
16:05:05.364	[34mINFO[0m	g/util_builder.go:35	string
16:05:05.364	[34mINFO[0m	g/util_builder.go:35	string
16:05:05.364	[34mINFO[0m	g/util_builder.go:35	int64
16:05:05.364	[34mINFO[0m	g/util_builder.go:35	string
16:05:05.364	[34mINFO[0m	g/util_builder.go:35	int64
16:05:05.365	[34mINFO[0m	g/util_builder.go:35	string
16:05:05.365	[34mINFO[0m	g/util_builder.go:35	string
16:05:05.365	[34mINFO[0m	g/util_builder.go:35	string
16:05:05.365	[34mINFO[0m	g/util_builder.go:35	string
16:05:05.365	[34mINFO[0m	g/util_builder.go:35	string
16:05:05.365	[34mINFO[0m	g/util_builder.go:35	[]*api.User
16:05:05.365	[34mINFO[0m	g/util_builder.go:35	string
16:05:05.365	[34mINFO[0m	g/util_builder.go:35	int64
16:05:05.365	[34mINFO[0m	g/util_builder.go:35	int64
16:05:05.365	[34mINFO[0m	g/util_builder.go:35	[]*api.House
16:05:05.365	[34mINFO[0m	g/util_builder.go:35	int64
16:05:05.365	[34mINFO[0m	g/util_builder.go:35	string
16:05:51.620	[34mINFO[0m	g/util_builder.go:35	string
16:05:51.620	[34mINFO[0m	g/util_builder.go:35	string
16:05:51.620	[34mINFO[0m	g/util_builder.go:35	string
16:05:51.620	[34mINFO[0m	g/util_builder.go:35	int64
16:05:51.620	[34mINFO[0m	g/util_builder.go:35	string
16:05:51.620	[34mINFO[0m	g/util_builder.go:35	int64
16:05:51.620	[34mINFO[0m	g/util_builder.go:35	string
16:05:51.620	[34mINFO[0m	g/util_builder.go:35	string
16:05:51.621	[34mINFO[0m	g/util_builder.go:35	string
16:05:51.621	[34mINFO[0m	g/util_builder.go:35	string
16:05:51.621	[34mINFO[0m	g/util_builder.go:35	string
16:05:51.621	[34mINFO[0m	g/util_builder.go:35	[]*api.User
16:05:51.621	[34mINFO[0m	g/util_builder.go:35	string
16:05:51.621	[34mINFO[0m	g/util_builder.go:35	int64
16:05:51.621	[34mINFO[0m	g/util_builder.go:35	int64
16:05:51.621	[34mINFO[0m	g/util_builder.go:35	[]*api.House
16:05:51.621	[34mINFO[0m	g/util_builder.go:35	int64
16:05:51.621	[34mINFO[0m	g/util_builder.go:35	string
16:05:55.211	[34mINFO[0m	g/util_builder.go:35	string
16:05:55.211	[34mINFO[0m	g/util_builder.go:35	string
16:05:55.211	[34mINFO[0m	g/util_builder.go:35	string
16:05:55.211	[34mINFO[0m	g/util_builder.go:35	int64
16:05:55.211	[34mINFO[0m	g/util_builder.go:35	string
16:05:55.212	[34mINFO[0m	g/util_builder.go:35	int64
16:05:55.212	[34mINFO[0m	g/util_builder.go:35	string
16:05:55.212	[34mINFO[0m	g/util_builder.go:35	string
16:05:55.212	[34mINFO[0m	g/util_builder.go:35	string
16:05:55.212	[34mINFO[0m	g/util_builder.go:35	string
16:05:55.212	[34mINFO[0m	g/util_builder.go:35	string
16:05:55.212	[34mINFO[0m	g/util_builder.go:35	[]*api.User
16:05:55.212	[34mINFO[0m	g/util_builder.go:35	string
16:05:55.212	[34mINFO[0m	g/util_builder.go:35	int64
16:05:55.212	[34mINFO[0m	g/util_builder.go:35	int64
16:05:55.212	[34mINFO[0m	g/util_builder.go:35	[]*api.House
16:05:55.212	[34mINFO[0m	g/util_builder.go:35	int64
16:05:55.212	[34mINFO[0m	g/util_builder.go:35	string
16:07:26.896	[34mINFO[0m	g/util_builder.go:35	string
16:07:26.896	[34mINFO[0m	g/util_builder.go:35	string
16:07:26.896	[34mINFO[0m	g/util_builder.go:35	string
16:07:26.896	[34mINFO[0m	g/util_builder.go:35	int64
16:07:26.896	[34mINFO[0m	g/util_builder.go:35	string
16:07:26.896	[34mINFO[0m	g/util_builder.go:35	int64
16:07:26.896	[34mINFO[0m	g/util_builder.go:35	string
16:07:26.896	[34mINFO[0m	g/util_builder.go:35	string
16:07:26.896	[34mINFO[0m	g/util_builder.go:35	string
16:07:26.896	[34mINFO[0m	g/util_builder.go:35	string
16:07:26.896	[34mINFO[0m	g/util_builder.go:35	string
16:07:26.896	[34mINFO[0m	g/util_builder.go:35	[]*api.User
16:07:26.896	[34mINFO[0m	g/util_builder.go:35	string
16:07:26.896	[34mINFO[0m	g/util_builder.go:35	int64
16:07:26.896	[34mINFO[0m	g/util_builder.go:35	int64
16:07:26.896	[34mINFO[0m	g/util_builder.go:35	[]*api.House
16:07:26.897	[34mINFO[0m	g/util_builder.go:35	int64
16:07:26.897	[34mINFO[0m	g/util_builder.go:35	string
16:07:54.961	[34mINFO[0m	g/util_builder.go:35	string
16:07:54.961	[34mINFO[0m	g/util_builder.go:35	string
16:07:54.961	[34mINFO[0m	g/util_builder.go:35	string
16:07:54.961	[34mINFO[0m	g/util_builder.go:35	int64
16:07:54.961	[34mINFO[0m	g/util_builder.go:35	string
16:07:54.961	[34mINFO[0m	g/util_builder.go:35	int64
16:07:54.961	[34mINFO[0m	g/util_builder.go:35	string
16:07:54.961	[34mINFO[0m	g/util_builder.go:35	string
16:07:54.961	[34mINFO[0m	g/util_builder.go:35	string
16:07:54.961	[34mINFO[0m	g/util_builder.go:35	string
16:07:54.962	[34mINFO[0m	g/util_builder.go:35	string
16:07:54.962	[34mINFO[0m	g/util_builder.go:35	[]*api.User
16:07:54.962	[34mINFO[0m	g/util_builder.go:35	string
16:07:54.962	[34mINFO[0m	g/util_builder.go:35	int64
16:07:54.962	[34mINFO[0m	g/util_builder.go:35	int64
16:07:54.962	[34mINFO[0m	g/util_builder.go:35	[]*api.House
16:07:54.962	[34mINFO[0m	g/util_builder.go:35	int64
16:07:54.962	[34mINFO[0m	g/util_builder.go:35	string
16:08:49.666	[34mINFO[0m	g/util_builder.go:35	string
16:08:49.667	[34mINFO[0m	g/util_builder.go:35	string
16:08:49.667	[34mINFO[0m	g/util_builder.go:35	string
16:08:49.667	[34mINFO[0m	g/util_builder.go:35	int64
16:08:49.667	[34mINFO[0m	g/util_builder.go:35	string
16:08:49.667	[34mINFO[0m	g/util_builder.go:35	int64
16:08:49.667	[34mINFO[0m	g/util_builder.go:35	string
16:08:49.667	[34mINFO[0m	g/util_builder.go:35	string
16:08:49.667	[34mINFO[0m	g/util_builder.go:35	string
16:08:49.667	[34mINFO[0m	g/util_builder.go:35	string
16:08:49.667	[34mINFO[0m	g/util_builder.go:35	string
16:08:49.667	[34mINFO[0m	g/util_builder.go:35	[]*api.User
16:08:49.667	[34mINFO[0m	g/util_builder.go:35	string
16:08:49.667	[34mINFO[0m	g/util_builder.go:35	int64
16:08:49.667	[34mINFO[0m	g/util_builder.go:35	int64
16:08:49.667	[34mINFO[0m	g/util_builder.go:35	[]*api.House
16:08:49.667	[34mINFO[0m	g/util_builder.go:35	int64
16:08:49.667	[34mINFO[0m	g/util_builder.go:35	string
16:18:24.354	[34mINFO[0m	g/util_builder.go:35	string
16:18:24.354	[34mINFO[0m	g/util_builder.go:35	string
16:18:24.354	[34mINFO[0m	g/util_builder.go:35	string
16:18:24.354	[34mINFO[0m	g/util_builder.go:35	int64
16:18:24.354	[34mINFO[0m	g/util_builder.go:35	string
16:18:24.354	[34mINFO[0m	g/util_builder.go:35	int64
16:18:24.355	[34mINFO[0m	g/util_builder.go:35	string
16:18:24.355	[34mINFO[0m	g/util_builder.go:35	string
16:18:24.355	[34mINFO[0m	g/util_builder.go:35	string
16:18:24.355	[34mINFO[0m	g/util_builder.go:35	string
16:18:24.355	[34mINFO[0m	g/util_builder.go:35	string
16:18:24.355	[34mINFO[0m	g/util_builder.go:35	[]*api.User
16:18:24.355	[34mINFO[0m	g/util_builder.go:35	string
16:18:24.355	[34mINFO[0m	g/util_builder.go:35	int64
16:18:24.355	[34mINFO[0m	g/util_builder.go:35	int64
16:18:24.355	[34mINFO[0m	g/util_builder.go:35	[]*api.House
16:18:24.355	[34mINFO[0m	g/util_builder.go:35	int64
16:18:24.355	[34mINFO[0m	g/util_builder.go:35	string
16:19:25.099	[34mINFO[0m	g/gen_mongo.go:65	uniKeys: {Columns:[{Name:Phone Type:string Json:phone UniKey:phone Form: Key: Desc: Optional:false}] Name:phone}
16:19:25.099	[34mINFO[0m	g/gen_mongo.go:65	uniKeys: {Columns:[{Name:OrgId Type:string Json:orgId UniKey:org_phone Form: Key: Desc: Optional:false}] Name:org_phone}
16:20:41.658	[34mINFO[0m	g/gen_mongo.go:65	uniKeys: {Columns:[{Name:Phone Type:string Json:phone UniKey:phone Form: Key: Desc: Optional:false}] Name:phone}
16:20:41.658	[34mINFO[0m	g/base_struct.go:62	add uni keyorg_phonePhone
16:20:41.658	[34mINFO[0m	g/base_struct.go:62	add uni keyorg_phonePhone
16:20:41.658	[34mINFO[0m	g/gen_mongo.go:65	uniKeys: {Columns:[{Name:OrgId Type:string Json:orgId UniKey:org_phone Form: Key: Desc: Optional:false}] Name:org_phone}
16:21:31.917	[34mINFO[0m	g/gen_mongo.go:65	uniKeys: {Columns:[{Name:Phone Type:string Json:phone UniKey:phone Form: Key: Desc: Optional:false}] Name:phone}
16:21:31.917	[34mINFO[0m	g/base_struct.go:62	add uni keyorg_phonePhone
16:21:31.917	[34mINFO[0m	g/base_struct.go:62	add uni keyorg_phonePhone
16:21:31.917	[34mINFO[0m	g/gen_mongo.go:65	uniKeys: {Columns:[{Name:OrgId Type:string Json:orgId UniKey:org_phone Form: Key: Desc: Optional:false} {Name:Phone Type:string Json:phone UniKey:org_phone Form: Key: Desc: Optional:false}] Name:org_phone}
16:23:37.307	[34mINFO[0m	g/gen_mongo.go:66	uniKeys: {Columns:[{Name:Phone Type:string Json:phone UniKey:phone Form: Key: Desc: Optional:false}] Name:phone}
16:23:37.307	[34mINFO[0m	g/gen_mongo.go:66	uniKeys: {Columns:[{Name:OrgId Type:string Json:orgId UniKey:org_phone Form: Key: Desc: Optional:false} {Name:Phone Type:string Json:phone UniKey:org_phone Form: Key: Desc: Optional:false}] Name:org_phone}
16:23:54.106	[34mINFO[0m	g/gen_mongo.go:66	uniKeys: {Columns:[{Name:Phone Type:string Json:phone UniKey:phone Form: Key: Desc: Optional:false}] Name:phone}
16:23:54.106	[34mINFO[0m	g/gen_mongo.go:66	uniKeys: {Columns:[{Name:OrgId Type:string Json:orgId UniKey:org_phone Form: Key: Desc: Optional:false} {Name:Phone Type:string Json:phone UniKey:org_phone Form: Key: Desc: Optional:false}] Name:org_phone}
16:28:33.185	[34mINFO[0m	g/gen_mongo.go:68	uniKeys: {Columns:[{Name:Phone Type:string Json:phone UniKey:phone Form: Key: Desc: Optional:false}] Name:phone}
16:28:33.185	[34mINFO[0m	g/gen_mongo.go:68	uniKeys: {Columns:[{Name:OrgId Type:string Json:orgId UniKey:org_phone Form: Key: Desc: Optional:false} {Name:Phone Type:string Json:phone UniKey:org_phone Form: Key: Desc: Optional:false}] Name:org_phone}
16:30:26.761	[34mINFO[0m	g/gen_mongo.go:69	uniKeys: {Columns:[{Name:Phone Type:string Json:phone UniKey:phone Form: Key: Desc: Optional:false}] Name:phone}
16:30:26.761	[34mINFO[0m	g/gen_mongo.go:69	uniKeys: {Columns:[{Name:OrgId Type:string Json:orgId UniKey:org_phone Form: Key: Desc: Optional:false} {Name:Phone Type:string Json:phone UniKey:org_phone Form: Key: Desc: Optional:false}] Name:org_phone}
16:33:07.497	[34mINFO[0m	g/gen_mongo.go:70	uniKeys: {Columns:[{Name:Phone Type:string Json:phone UniKey:phone Form: Key: Desc: Optional:false}] Name:phone}
16:33:07.497	[34mINFO[0m	g/gen_mongo.go:70	uniKeys: {Columns:[{Name:OrgId Type:string Json:orgId UniKey:org_phone Form: Key: Desc: Optional:false} {Name:Phone Type:string Json:phone UniKey:org_phone Form: Key: Desc: Optional:false}] Name:org_phone}
16:33:57.606	[34mINFO[0m	g/gen_mongo.go:70	uniKeys: {Columns:[{Name:Phone Type:string Json:phone UniKey:phone Form: Key: Desc: Optional:false}] Name:phone}
16:33:57.606	[34mINFO[0m	g/gen_mongo.go:70	uniKeys: {Columns:[{Name:OrgId Type:string Json:orgId UniKey:org_phone Form: Key: Desc: Optional:false} {Name:Phone Type:string Json:phone UniKey:org_phone Form: Key: Desc: Optional:false}] Name:org_phone}
16:35:05.911	[34mINFO[0m	g/gen_mongo.go:70	uniKeys: {Columns:[{Name:Phone Type:string Json:phone UniKey:phone Form: Key: Desc: Optional:false}] Name:phone}
16:35:05.912	[34mINFO[0m	g/gen_mongo.go:70	uniKeys: {Columns:[{Name:OrgId Type:string Json:orgId UniKey:org_phone Form: Key: Desc: Optional:false} {Name:Phone Type:string Json:phone UniKey:org_phone Form: Key: Desc: Optional:false}] Name:org_phone}
16:37:05.647	[34mINFO[0m	g/gen_mongo.go:70	uniKeys: {Columns:[{Name:Phone Type:string Json:phone UniKey:phone Form: Key: Desc: Optional:false}] Name:phone}
16:37:05.648	[34mINFO[0m	g/gen_mongo.go:70	uniKeys: {Columns:[{Name:OrgId Type:string Json:orgId UniKey:org_phone Form: Key: Desc: Optional:false} {Name:Phone Type:string Json:phone UniKey:org_phone Form: Key: Desc: Optional:false}] Name:org_phone}
16:40:48.379	[34mINFO[0m	g/gen_mongo.go:70	uniKeys: {Columns:[{Name:Phone Type:string Json:phone UniKey:phone Form: Key: Desc: Optional:false}] Name:phone}
16:40:48.380	[34mINFO[0m	g/gen_mongo.go:70	uniKeys: {Columns:[{Name:OrgId Type:string Json:orgId UniKey:org_phone Form: Key: Desc: Optional:false} {Name:Phone Type:string Json:phone UniKey:org_phone Form: Key: Desc: Optional:false}] Name:org_phone}
14:28:11.918	[34mINFO[0m	g/gen_mongo.go:70	uniKeys: {Columns:[{Name:Phone Type:string Json:phone UniKey:phone Form: Key: Desc: Optional:false}] Name:phone}
14:28:11.919	[34mINFO[0m	g/gen_mongo.go:70	uniKeys: {Columns:[{Name:OrgId Type:string Json:orgId UniKey:org_phone Form: Key: Desc: Optional:false} {Name:Phone Type:string Json:phone UniKey:org_phone Form: Key: Desc: Optional:false}] Name:org_phone}
14:29:07.812	[34mINFO[0m	g/gen_mongo.go:70	uniKeys: {Columns:[{Name:Phone Type:string Json:phone UniKey:phone Form: Key: Desc: Optional:false}] Name:phone}
14:29:07.813	[34mINFO[0m	g/gen_mongo.go:70	uniKeys: {Columns:[{Name:OrgId Type:string Json:orgId UniKey:org_phone Form: Key: Desc: Optional:false} {Name:Phone Type:string Json:phone UniKey:org_phone Form: Key: Desc: Optional:false}] Name:org_phone}
14:29:48.409	[34mINFO[0m	g/gen_mongo.go:70	uniKeys: {Columns:[{Name:Phone Type:string Json:phone UniKey:phone Form: Key: Desc: Optional:false}] Name:phone}
14:29:48.410	[34mINFO[0m	g/gen_mongo.go:70	uniKeys: {Columns:[{Name:OrgId Type:string Json:orgId UniKey:org_phone Form: Key: Desc: Optional:false} {Name:Phone Type:string Json:phone UniKey:org_phone Form: Key: Desc: Optional:false}] Name:org_phone}
14:31:30.687	[34mINFO[0m	g/gen_mongo.go:70	uniKeys: {Columns:[{Name:Phone Type:string Json:phone UniKey:phone Form: Key: Desc: Optional:false}] Name:phone}
14:31:30.687	[34mINFO[0m	g/gen_mongo.go:70	uniKeys: {Columns:[{Name:OrgId Type:string Json:orgId UniKey:org_phone Form: Key: Desc: Optional:false} {Name:Phone Type:string Json:phone UniKey:org_phone Form: Key: Desc: Optional:false}] Name:org_phone}
16:14:12.817	[34mINFO[0m	g/gen_mongo.go:70	uniKeys: {Columns:[{Name:Phone Type:string Json:phone UniKey:phone Form: Key: Desc: Optional:false}] Name:phone}
16:14:12.818	[34mINFO[0m	g/gen_mongo.go:70	uniKeys: {Columns:[{Name:OrgId Type:string Json:orgId UniKey:org_phone Form: Key: Desc: Optional:false} {Name:Phone Type:string Json:phone UniKey:org_phone Form: Key: Desc: Optional:false}] Name:org_phone}
16:14:22.143	[34mINFO[0m	g/gen_mongo.go:70	uniKeys: {Columns:[{Name:Phone Type:string Json:phone UniKey:phone Form: Key: Desc: Optional:false}] Name:phone}
16:14:22.144	[34mINFO[0m	g/gen_mongo.go:70	uniKeys: {Columns:[{Name:OrgId Type:string Json:orgId UniKey:org_phone Form: Key: Desc: Optional:false} {Name:Phone Type:string Json:phone UniKey:org_phone Form: Key: Desc: Optional:false}] Name:org_phone}
16:16:05.690	[34mINFO[0m	g/gen_mongo.go:70	uniKeys: {Columns:[{Name:Phone Type:string Json:phone UniKey:phone Form: Key: Desc: Optional:false}] Name:phone}
16:16:05.691	[34mINFO[0m	g/gen_mongo.go:70	uniKeys: {Columns:[{Name:OrgId Type:string Json:orgId UniKey:org_phone Form: Key: Desc: Optional:false} {Name:Phone Type:string Json:phone UniKey:org_phone Form: Key: Desc: Optional:false}] Name:org_phone}
16:26:41.125	[34mINFO[0m	g/gen_mongo.go:70	uniKeys: {Columns:[{Name:Phone Type:string Json:phone UniKey:phone Form: Key: Desc: ApiOnly:false Optional:false}] Name:phone}
16:26:41.126	[34mINFO[0m	g/gen_mongo.go:70	uniKeys: {Columns:[{Name:OrgId Type:string Json:orgId UniKey:org_phone Form: Key: Desc: ApiOnly:false Optional:false} {Name:Phone Type:string Json:phone UniKey:org_phone Form: Key: Desc: ApiOnly:false Optional:false}] Name:org_phone}
